<?xml version="1.0" encoding="UTF-8"?>
<!-- Generated by org.testng.reporters.JUnitReportReporter -->
<testsuite hostname="Saravanans-MacBook-Pro.local" failures="0" tests="1" name="com.test1.TestNG2" time="0.329" errors="0" timestamp="2023-04-08T22:59:08 EDT" skipped="0">
  <testcase classname="com.test1.TestNG2" name="textBox" time="0.329"/>
  <system-out/>
</testsuite> <!-- com.test1.TestNG2 -->
