<?xml version="1.0" encoding="UTF-8"?>
<!-- Generated by org.testng.reporters.JUnitReportReporter -->
<testsuite hostname="Saravanans-MacBook-Pro.local" failures="0" tests="1" name="com.TestNG.TesNG" time="0.012" errors="0" timestamp="2023-03-30T19:09:06 EDT" skipped="0">
  <testcase classname="com.TestNG.TesNG" name="day1" time="0.012"/>
  <system-out/>
</testsuite> <!-- com.TestNG.TesNG -->
